/*C34*/SET SCHEMA PUBLIC
CONNECT USER SA
DISCONNECT
/*C35*/SET SCHEMA PUBLIC
CONNECT USER SA
alter table AUDIT_PARAMETER drop constraint FKF8B23405493EC9C2
alter table AUDIT_PARAMETER drop constraint FKF8B2340514D878
alter table AUDIT_TEST drop constraint FK838E6E96493EC9C2
alter table AUDIT_TEST drop constraint FK838E6E96A17A5FA8
alter table CONTENT drop constraint FK6382C059493EC9C2
alter table CRITERION drop constraint FKBCFA1E81E8F67244
alter table CRITERION drop constraint FKBCFA1E81D03CE506
alter table EVIDENCE_ELEMENT drop constraint FK698B98F4C94A0CBA
alter table EVIDENCE_ELEMENT drop constraint FK698B98F425AD22C4
alter table NOMENCLATURE drop constraint FKBF856B7795431825
alter table NOMENCLATURE_ELEMENT drop constraint FK44F856145FAB5EF2
alter table PARAMETER drop constraint FK1A96C3899D16B94B
alter table PARAMETER_ELEMENT drop constraint FKF2017C26FAAB8995
alter table PROCESS_REMARK drop constraint FK1C3EA37045A988AD
alter table PROCESS_RESULT drop constraint FK1C41A80DFA349234
alter table PROCESS_RESULT drop constraint FK1C41A80D8146180B
alter table PROCESS_RESULT drop constraint FK1C41A80D2E48600
alter table PROCESS_RESULT drop constraint FK1C41A80DA17A5FA8
alter table PROCESS_RESULT drop constraint FK1C41A80DB6D0E092
alter table TEST drop constraint FK273C9250C99824
alter table TEST drop constraint FK273C9272343A84
alter table TEST drop constraint FK273C926CCA4C3E
alter table TEST drop constraint FK273C92CCA757AD
alter table WEB_RESOURCE drop constraint FKD9A970B9493EC9C2
alter table WEB_RESOURCE drop constraint FKD9A970B92F70FF12
drop table AUDIT if exists
drop table AUDIT_PARAMETER if exists
drop table AUDIT_TEST if exists
drop table CONTENT if exists
drop table CRITERION if exists
drop table DECISION_LEVEL if exists
drop table EVIDENCE if exists
drop table EVIDENCE_ELEMENT if exists
drop table LEVEL if exists
drop table NOMENCLATURE if exists
drop table NOMENCLATURE_ELEMENT if exists
drop table PARAMETER if exists
drop table PARAMETER_ELEMENT if exists
drop table PARAMETER_FAMILY if exists
drop table PROCESS_REMARK if exists
drop table PROCESS_RESULT if exists
drop table REFERENCE if exists
drop table SCOPE if exists
drop table TEST if exists
drop table THEME if exists
drop table WEB_RESOURCE if exists
create table AUDIT (Id_Audit bigint generated by default as identity (start with 1), Comment varchar(255), Dt_Creation timestamp, Status varchar(255), primary key (Id_Audit))
create table AUDIT_PARAMETER (Id_Audit bigint not null, Id_Parameter bigint not null, primary key (Id_Audit, Id_Parameter))
create table AUDIT_TEST (Id_Audit bigint not null, Id_Test bigint not null, primary key (Id_Audit, Id_Test))
create table CONTENT (Id_Content bigint generated by default as identity (start with 1), Dt_Loading timestamp, Http_Status_Code integer not null, Uri varchar(2048) not null, Id_Audit bigint, primary key (Id_Content))
create table CRITERION (Id_Criterion bigint generated by default as identity (start with 1), Cd_Criterion varchar(255), Description varchar(255), Label varchar(255), Rank integer, Url varchar(255), Reference_Id_Reference bigint, Theme_Id_Theme bigint, primary key (Id_Criterion))
create table DECISION_LEVEL (Id_Decision_Level bigint generated by default as identity (start with 1), Cd_Decision_Level varchar(255), Description varchar(255), Label varchar(255) not null, primary key (Id_Decision_Level))
create table EVIDENCE (Id_Evidence bigint generated by default as identity (start with 1), Cd_Evidence varchar(255), Description varchar(255), Long_Label varchar(255), primary key (Id_Evidence))
create table EVIDENCE_ELEMENT (Id_Evidence_Element bigint generated by default as identity (start with 1), Element_Value varchar(16777215) not null, EVIDENCE_Id_Evidence bigint, PROCESS_REMARK_Id_Process_Remark bigint, primary key (Id_Evidence_Element))
create table LEVEL (Id_Level bigint generated by default as identity (start with 1), Cd_Level varchar(255), Description varchar(255), Label varchar(255), Rank integer, primary key (Id_Level))
create table NOMENCLATURE (Id_Nomenclature bigint generated by default as identity (start with 1), Cd_Nomenclature varchar(255), Description varchar(255), Long_Label varchar(255), Short_Label varchar(255), Id_Nomenclature_Parent bigint, primary key (Id_Nomenclature))
create table NOMENCLATURE_ELEMENT (DTYPE varchar(31) not null, Id_Nomenclature_Element bigint generated by default as identity (start with 1), Label varchar(255) not null, shortValue integer, Id_Nomenclature bigint, primary key (Id_Nomenclature_Element))
create table PARAMETER (Id_Parameter bigint generated by default as identity (start with 1), Is_Default bit, Parameter_Value varchar(255), Id_Parameter_Element bigint, primary key (Id_Parameter))
create table PARAMETER_ELEMENT (Id_Parameter_Element bigint generated by default as identity (start with 1), Long_Label varchar(255), Cd_Parameter_Element varchar(255), Short_Label varchar(255), Id_Parameter_Family bigint, primary key (Id_Parameter_Element))
create table PARAMETER_FAMILY (Id_Parameter_Family bigint generated by default as identity (start with 1), Description varchar(255), Long_Label varchar(255), Cd_Parameter_Family varchar(255), Short_Label varchar(255), primary key (Id_Parameter_Family))
create table PROCESS_REMARK (DTYPE varchar(31) not null, Id_Process_Remark bigint generated by default as identity (start with 1), Issue varchar(255), Message_Code varchar(255), Selected_Element varchar(255), Selection_Expression varchar(255), Character_Position integer, Line_Number integer, Snippet varchar(16777215), Target varchar(5000), Id_Process_Result bigint, primary key (Id_Process_Remark))
create table PROCESS_RESULT (Id_Process_Result bigint generated by default as identity (start with 1), Element_Counter integer, Id_Audit_Gross_Result bigint, Id_Audit_Net_Result bigint, Id_Process_Result_Parent bigint, Id_Web_Resource bigint not null, Id_Test bigint, primary key (Id_Process_Result), unique (Id_Test, Id_Web_Resource, Id_Audit_Net_Result), unique (Id_Test, Id_Web_Resource, Id_Audit_Gross_Result))
create table REFERENCE (Id_Reference bigint generated by default as identity (start with 1), Cd_Reference varchar(255), Description varchar(255), Label varchar(255) not null, Rank integer, Url varchar(255), primary key (Id_Reference))
create table SCOPE (Id_Scope bigint generated by default as identity (start with 1), Code varchar(255), Description varchar(255), Label varchar(255) not null, primary key (Id_Scope))
create table TEST (Id_Test bigint generated by default as identity (start with 1), Cd_Test varchar(255), Description varchar(255), Label varchar(255), No_Process bit, Rank integer, Rule_Archive_Name varchar(255), Rule_Class_Name varchar(255), Rule_Design_Url varchar(255), Weight numeric, Id_Criterion bigint, Id_Decision_Level bigint, Id_Level bigint, Id_Scope bigint, primary key (Id_Test))
create table THEME (Id_Theme bigint generated by default as identity (start with 1), Cd_Theme varchar(255), Description varchar(255), Label varchar(255) not null, Rank integer, primary key (Id_Theme))
create table WEB_RESOURCE (DTYPE varchar(31) not null, Id_Web_Resource bigint generated by default as identity (start with 1), Label varchar(255), Mark float, Rank integer not null, Url varchar(2048) not null, Id_Audit bigint, Id_Web_Resource_Parent bigint, primary key (Id_Web_Resource))
alter table AUDIT_PARAMETER add constraint FKF8B23405493EC9C2 foreign key (Id_Audit) references AUDIT
alter table AUDIT_PARAMETER add constraint FKF8B2340514D878 foreign key (Id_Parameter) references PARAMETER
alter table AUDIT_TEST add constraint FK838E6E96493EC9C2 foreign key (Id_Audit) references AUDIT
alter table AUDIT_TEST add constraint FK838E6E96A17A5FA8 foreign key (Id_Test) references TEST
alter table CONTENT add constraint FK6382C059493EC9C2 foreign key (Id_Audit) references AUDIT
alter table CRITERION add constraint FKBCFA1E81E8F67244 foreign key (Theme_Id_Theme) references THEME
alter table CRITERION add constraint FKBCFA1E81D03CE506 foreign key (Reference_Id_Reference) references REFERENCE
alter table EVIDENCE_ELEMENT add constraint FK698B98F4C94A0CBA foreign key (EVIDENCE_Id_Evidence) references EVIDENCE
alter table EVIDENCE_ELEMENT add constraint FK698B98F425AD22C4 foreign key (PROCESS_REMARK_Id_Process_Remark) references PROCESS_REMARK
alter table NOMENCLATURE add constraint FKBF856B7795431825 foreign key (Id_Nomenclature_Parent) references NOMENCLATURE
alter table NOMENCLATURE_ELEMENT add constraint FK44F856145FAB5EF2 foreign key (Id_Nomenclature) references NOMENCLATURE
alter table PARAMETER add constraint FK1A96C3899D16B94B foreign key (Id_Parameter_Element) references PARAMETER_ELEMENT
alter table PARAMETER_ELEMENT add constraint FKF2017C26FAAB8995 foreign key (Id_Parameter_Family) references PARAMETER_FAMILY
alter table PROCESS_REMARK add constraint FK1C3EA37045A988AD foreign key (Id_Process_Result) references PROCESS_RESULT
alter table PROCESS_RESULT add constraint FK1C41A80DFA349234 foreign key (Id_Process_Result_Parent) references PROCESS_RESULT
alter table PROCESS_RESULT add constraint FK1C41A80D8146180B foreign key (Id_Audit_Gross_Result) references AUDIT
alter table PROCESS_RESULT add constraint FK1C41A80D2E48600 foreign key (Id_Web_Resource) references WEB_RESOURCE
alter table PROCESS_RESULT add constraint FK1C41A80DA17A5FA8 foreign key (Id_Test) references TEST
alter table PROCESS_RESULT add constraint FK1C41A80DB6D0E092 foreign key (Id_Audit_Net_Result) references AUDIT
alter table TEST add constraint FK273C9250C99824 foreign key (Id_Scope) references SCOPE
alter table TEST add constraint FK273C9272343A84 foreign key (Id_Level) references LEVEL
alter table TEST add constraint FK273C926CCA4C3E foreign key (Id_Criterion) references CRITERION
alter table TEST add constraint FK273C92CCA757AD foreign key (Id_Decision_Level) references DECISION_LEVEL
alter table WEB_RESOURCE add constraint FKD9A970B9493EC9C2 foreign key (Id_Audit) references AUDIT
alter table WEB_RESOURCE add constraint FKD9A970B92F70FF12 foreign key (Id_Web_Resource_Parent) references WEB_RESOURCE
DISCONNECT
/*C36*/SET SCHEMA PUBLIC
CONNECT USER SA
SET AUTOCOMMIT FALSE
SET AUTOCOMMIT TRUE
DISCONNECT
/*C37*/SET SCHEMA PUBLIC
CONNECT USER SA
SET AUTOCOMMIT FALSE
SET AUTOCOMMIT TRUE
DISCONNECT
/*C38*/SET SCHEMA PUBLIC
CONNECT USER SA
SET AUTOCOMMIT FALSE
SET AUTOCOMMIT TRUE
DISCONNECT
/*C39*/SET SCHEMA PUBLIC
CONNECT USER SA
SET AUTOCOMMIT FALSE
SET AUTOCOMMIT TRUE
DISCONNECT
/*C40*/SET SCHEMA PUBLIC
CONNECT USER SA
SET AUTOCOMMIT FALSE
SET AUTOCOMMIT TRUE
DISCONNECT
/*C41*/SET SCHEMA PUBLIC
CONNECT USER SA
SET AUTOCOMMIT FALSE
SET AUTOCOMMIT TRUE
DISCONNECT
/*C42*/SET SCHEMA PUBLIC
CONNECT USER SA
SET AUTOCOMMIT FALSE
SET AUTOCOMMIT TRUE
DISCONNECT
/*C43*/SET SCHEMA PUBLIC
CONNECT USER SA
SET AUTOCOMMIT FALSE
SET AUTOCOMMIT TRUE
DISCONNECT
/*C44*/SET SCHEMA PUBLIC
CONNECT USER SA
SET AUTOCOMMIT FALSE
SET AUTOCOMMIT TRUE
DISCONNECT
/*C45*/SET SCHEMA PUBLIC
CONNECT USER SA
SET AUTOCOMMIT FALSE
SET AUTOCOMMIT TRUE
DISCONNECT
/*C46*/SET SCHEMA PUBLIC
CONNECT USER SA
SET AUTOCOMMIT FALSE
SET AUTOCOMMIT TRUE
DISCONNECT
/*C47*/SET SCHEMA PUBLIC
CONNECT USER SA
SET AUTOCOMMIT FALSE
SET AUTOCOMMIT TRUE
DISCONNECT
/*C48*/SET SCHEMA PUBLIC
CONNECT USER SA
SET AUTOCOMMIT FALSE
SET AUTOCOMMIT TRUE
DISCONNECT
/*C49*/SET SCHEMA PUBLIC
CONNECT USER SA
SET AUTOCOMMIT FALSE
SET AUTOCOMMIT TRUE
DISCONNECT
/*C50*/SET SCHEMA PUBLIC
CONNECT USER SA
SET AUTOCOMMIT FALSE
SET AUTOCOMMIT TRUE
DISCONNECT
/*C51*/SET SCHEMA PUBLIC
CONNECT USER SA
SET AUTOCOMMIT FALSE
SET AUTOCOMMIT TRUE
DISCONNECT
/*C52*/SET SCHEMA PUBLIC
CONNECT USER SA
SET AUTOCOMMIT FALSE
SET AUTOCOMMIT TRUE
DISCONNECT
/*C53*/SET SCHEMA PUBLIC
CONNECT USER SA
SET AUTOCOMMIT FALSE
SET AUTOCOMMIT TRUE
DISCONNECT
/*C54*/SET SCHEMA PUBLIC
CONNECT USER SA
SET AUTOCOMMIT FALSE
SET AUTOCOMMIT TRUE
DISCONNECT
/*C55*/SET SCHEMA PUBLIC
CONNECT USER SA
SET AUTOCOMMIT FALSE
SET AUTOCOMMIT TRUE
DISCONNECT
/*C56*/SET SCHEMA PUBLIC
CONNECT USER SA
SET AUTOCOMMIT FALSE
SET AUTOCOMMIT TRUE
DISCONNECT
/*C57*/SET SCHEMA PUBLIC
CONNECT USER SA
SET AUTOCOMMIT FALSE
SET AUTOCOMMIT TRUE
DISCONNECT
/*C58*/SET SCHEMA PUBLIC
CONNECT USER SA
SET AUTOCOMMIT FALSE
SET AUTOCOMMIT TRUE
DISCONNECT
/*C59*/SET SCHEMA PUBLIC
CONNECT USER SA
SET AUTOCOMMIT FALSE
SET AUTOCOMMIT TRUE
DISCONNECT
/*C60*/SET SCHEMA PUBLIC
CONNECT USER SA
INSERT INTO NOMENCLATURE VALUES(1,'FormsButtonTypes','NULL','NULL','NULL',NULL)
INSERT INTO NOMENCLATURE VALUES(2,'JSWindowOpen','NULL','NULL','NULL',NULL)
INSERT INTO NOMENCLATURE VALUES(3,'NotificationNewWindowWhitelist','NULL','NULL','NULL',NULL)
INSERT INTO NOMENCLATURE VALUES(4,'FormsButtonWhitelist','NULL','NULL','NULL',NULL)
INSERT INTO NOMENCLATURE VALUES(5,'FormsButtonBlacklist','NULL','NULL','NULL',NULL)
INSERT INTO NOMENCLATURE VALUES(6,'LinkTextWhitelist','NULL','NULL','NULL',NULL)
INSERT INTO NOMENCLATURE VALUES(7,'LinkTextBlacklist','NULL','NULL','NULL',NULL)
INSERT INTO NOMENCLATURE VALUES(8,'PossibleImageTags','NULL','NULL','NULL',NULL)
INSERT INTO NOMENCLATURE VALUES(9,'RelativeCssUnits','NULL','NULL','NULL',NULL)
INSERT INTO NOMENCLATURE VALUES(10,'ValidLanguageCode','NULL','NULL','NULL',NULL)
INSERT INTO NOMENCLATURE VALUES(11,'DeprecatedRepresentationTagsV2','NULL','NULL','NULL',NULL)
INSERT INTO NOMENCLATURE VALUES(12,'UnexplicitPageTitle','NULL','NULL','NULL',NULL)
INSERT INTO NOMENCLATURE VALUES(13,'ImageFileExtensions','NULL','NULL','NULL',NULL)
INSERT INTO NOMENCLATURE VALUES(14,'MediaListNotAcceptingRelativeUnits','NULL','NULL','NULL',NULL)
INSERT INTO NOMENCLATURE VALUES(15,'DeprecatedRepresentationAttributes','NULL','NULL','NULL',NULL)
INSERT INTO NOMENCLATURE VALUES(16,'DeprecatedRepresentationAttributesWithExceptions','NULL','NULL','NULL',NULL)
INSERT INTO NOMENCLATURE VALUES(17,'RecommendedDoctypeDeclarations','NULL','NULL','NULL',NULL)
INSERT INTO NOMENCLATURE VALUES(18,'XhtmlDoctypeDeclarations','NULL','NULL','NULL',NULL)
INSERT INTO NOMENCLATURE VALUES(19,'RecommendedCaseInsensitiveDoctypeDeclarations','NULL','NULL','NULL',NULL)
INSERT INTO NOMENCLATURE_ELEMENT VALUES('NomenclatureElementImpl',1,'reset',NULL,1)
INSERT INTO NOMENCLATURE_ELEMENT VALUES('NomenclatureElementImpl',2,'submit',NULL,1)
INSERT INTO NOMENCLATURE_ELEMENT VALUES('NomenclatureElementImpl',3,'button',NULL,1)
INSERT INTO NOMENCLATURE_ELEMENT VALUES('NomenclatureElementImpl',4,'window.open',NULL,2)
INSERT INTO NOMENCLATURE_ELEMENT VALUES('NomenclatureElementImpl',5,'javascript:window.open',NULL,2)
INSERT INTO NOMENCLATURE_ELEMENT VALUES('NomenclatureElementImpl',6,'new window',NULL,3)
INSERT INTO NOMENCLATURE_ELEMENT VALUES('NomenclatureElementImpl',7,'nouvelle fen\u00eatre',NULL,3)
INSERT INTO NOMENCLATURE_ELEMENT VALUES('NomenclatureElementImpl',8,'s''inscrire',NULL,5)
INSERT INTO NOMENCLATURE_ELEMENT VALUES('NomenclatureElementImpl',9,'go',NULL,5)
INSERT INTO NOMENCLATURE_ELEMENT VALUES('NomenclatureElementImpl',10,'inscrire',NULL,5)
INSERT INTO NOMENCLATURE_ELEMENT VALUES('NomenclatureElementImpl',11,'valider',NULL,5)
INSERT INTO NOMENCLATURE_ELEMENT VALUES('NomenclatureElementImpl',12,'envoyer',NULL,5)
INSERT INTO NOMENCLATURE_ELEMENT VALUES('NomenclatureElementImpl',13,'submit',NULL,5)
INSERT INTO NOMENCLATURE_ELEMENT VALUES('NomenclatureElementImpl',14,'poster',NULL,5)
INSERT INTO NOMENCLATURE_ELEMENT VALUES('NomenclatureElementImpl',15,'retour \u00e0 l''accueil',NULL,6)
INSERT INTO NOMENCLATURE_ELEMENT VALUES('NomenclatureElementImpl',16,'back home',NULL,6)
INSERT INTO NOMENCLATURE_ELEMENT VALUES('NomenclatureElementImpl',17,'here',NULL,7)
INSERT INTO NOMENCLATURE_ELEMENT VALUES('NomenclatureElementImpl',18,'this link',NULL,7)
INSERT INTO NOMENCLATURE_ELEMENT VALUES('NomenclatureElementImpl',19,'there',NULL,7)
INSERT INTO NOMENCLATURE_ELEMENT VALUES('NomenclatureElementImpl',20,'en savoir plus...',NULL,7)
INSERT INTO NOMENCLATURE_ELEMENT VALUES('NomenclatureElementImpl',21,'more',NULL,7)
INSERT INTO NOMENCLATURE_ELEMENT VALUES('NomenclatureElementImpl',22,'en savoir plus',NULL,7)
INSERT INTO NOMENCLATURE_ELEMENT VALUES('NomenclatureElementImpl',23,'ici ',NULL,7)
INSERT INTO NOMENCLATURE_ELEMENT VALUES('NomenclatureElementImpl',24,'plus',NULL,7)
INSERT INTO NOMENCLATURE_ELEMENT VALUES('NomenclatureElementImpl',25,'l\u00e0',NULL,7)
INSERT INTO NOMENCLATURE_ELEMENT VALUES('NomenclatureElementImpl',26,'cliquez ici',NULL,7)
INSERT INTO NOMENCLATURE_ELEMENT VALUES('NomenclatureElementImpl',27,'ce lien',NULL,7)
INSERT INTO NOMENCLATURE_ELEMENT VALUES('NomenclatureElementImpl',28,'post pr\u00e9c\u00e9dent',NULL,7)
INSERT INTO NOMENCLATURE_ELEMENT VALUES('NomenclatureElementImpl',29,'lire la suite',NULL,7)
INSERT INTO NOMENCLATURE_ELEMENT VALUES('NomenclatureElementImpl',30,'click here',NULL,7)
INSERT INTO NOMENCLATURE_ELEMENT VALUES('NomenclatureElementImpl',31,'object',NULL,8)
INSERT INTO NOMENCLATURE_ELEMENT VALUES('NomenclatureElementImpl',32,'img',NULL,8)
INSERT INTO NOMENCLATURE_ELEMENT VALUES('NomenclatureCssUnitImpl',33,'pc',22,9)
INSERT INTO NOMENCLATURE_ELEMENT VALUES('NomenclatureCssUnitImpl',34,'cm',19,9)
INSERT INTO NOMENCLATURE_ELEMENT VALUES('NomenclatureCssUnitImpl',35,'in',18,9)
INSERT INTO NOMENCLATURE_ELEMENT VALUES('NomenclatureCssUnitImpl',36,'pt',21,9)
INSERT INTO NOMENCLATURE_ELEMENT VALUES('NomenclatureCssUnitImpl',37,'mm',20,9)
INSERT INTO NOMENCLATURE_ELEMENT VALUES('NomenclatureElementImpl',38,'kk',NULL,10)
INSERT INTO NOMENCLATURE_ELEMENT VALUES('NomenclatureElementImpl',39,'th',NULL,10)
INSERT INTO NOMENCLATURE_ELEMENT VALUES('NomenclatureElementImpl',40,'cs',NULL,10)
INSERT INTO NOMENCLATURE_ELEMENT VALUES('NomenclatureElementImpl',41,'vi',NULL,10)
INSERT INTO NOMENCLATURE_ELEMENT VALUES('NomenclatureElementImpl',42,'hi',NULL,10)
INSERT INTO NOMENCLATURE_ELEMENT VALUES('NomenclatureElementImpl',43,'ur',NULL,10)
INSERT INTO NOMENCLATURE_ELEMENT VALUES('NomenclatureElementImpl',44,'af',NULL,10)
INSERT INTO NOMENCLATURE_ELEMENT VALUES('NomenclatureElementImpl',45,'tl',NULL,10)
INSERT INTO NOMENCLATURE_ELEMENT VALUES('NomenclatureElementImpl',46,'bh',NULL,10)
INSERT INTO NOMENCLATURE_ELEMENT VALUES('NomenclatureElementImpl',47,'ta',NULL,10)
INSERT INTO NOMENCLATURE_ELEMENT VALUES('NomenclatureElementImpl',48,'zh',NULL,10)
INSERT INTO NOMENCLATURE_ELEMENT VALUES('NomenclatureElementImpl',49,'mo',NULL,10)
INSERT INTO NOMENCLATURE_ELEMENT VALUES('NomenclatureElementImpl',50,'sh',NULL,10)
INSERT INTO NOMENCLATURE_ELEMENT VALUES('NomenclatureElementImpl',51,'fy',NULL,10)
INSERT INTO NOMENCLATURE_ELEMENT VALUES('NomenclatureElementImpl',52,'bn',NULL,10)
INSERT INTO NOMENCLATURE_ELEMENT VALUES('NomenclatureElementImpl',53,'sw',NULL,10)
INSERT INTO NOMENCLATURE_ELEMENT VALUES('NomenclatureElementImpl',54,'sd',NULL,10)
INSERT INTO NOMENCLATURE_ELEMENT VALUES('NomenclatureElementImpl',55,'mi',NULL,10)
INSERT INTO NOMENCLATURE_ELEMENT VALUES('NomenclatureElementImpl',56,'la',NULL,10)
INSERT INTO NOMENCLATURE_ELEMENT VALUES('NomenclatureElementImpl',57,'gv',NULL,10)
INSERT INTO NOMENCLATURE_ELEMENT VALUES('NomenclatureElementImpl',58,'no',NULL,10)
INSERT INTO NOMENCLATURE_ELEMENT VALUES('NomenclatureElementImpl',59,'or',NULL,10)
INSERT INTO NOMENCLATURE_ELEMENT VALUES('NomenclatureElementImpl',60,'tk',NULL,10)
INSERT INTO NOMENCLATURE_ELEMENT VALUES('NomenclatureElementImpl',61,'in',NULL,10)
INSERT INTO NOMENCLATURE_ELEMENT VALUES('NomenclatureElementImpl',62,'ko',NULL,10)
INSERT INTO NOMENCLATURE_ELEMENT VALUES('NomenclatureElementImpl',63,'et',NULL,10)
INSERT INTO NOMENCLATURE_ELEMENT VALUES('NomenclatureElementImpl',64,'aa',NULL,10)
INSERT INTO NOMENCLATURE_ELEMENT VALUES('NomenclatureElementImpl',65,'ja',NULL,10)
INSERT INTO NOMENCLATURE_ELEMENT VALUES('NomenclatureElementImpl',66,'rm',NULL,10)
INSERT INTO NOMENCLATURE_ELEMENT VALUES('NomenclatureElementImpl',67,'ks',NULL,10)
INSERT INTO NOMENCLATURE_ELEMENT VALUES('NomenclatureElementImpl',68,'ca',NULL,10)
INSERT INTO NOMENCLATURE_ELEMENT VALUES('NomenclatureElementImpl',69,'sn',NULL,10)
INSERT INTO NOMENCLATURE_ELEMENT VALUES('NomenclatureElementImpl',70,'en',NULL,10)
INSERT INTO NOMENCLATURE_ELEMENT VALUES('NomenclatureElementImpl',71,'nl',NULL,10)
INSERT INTO NOMENCLATURE_ELEMENT VALUES('NomenclatureElementImpl',72,'ss',NULL,10)
INSERT INTO NOMENCLATURE_ELEMENT VALUES('NomenclatureElementImpl',73,'ab',NULL,10)
INSERT INTO NOMENCLATURE_ELEMENT VALUES('NomenclatureElementImpl',74,'tg',NULL,10)
INSERT INTO NOMENCLATURE_ELEMENT VALUES('NomenclatureElementImpl',75,'st',NULL,10)
INSERT INTO NOMENCLATURE_ELEMENT VALUES('NomenclatureElementImpl',76,'da',NULL,10)
INSERT INTO NOMENCLATURE_ELEMENT VALUES('NomenclatureElementImpl',77,'bo',NULL,10)
INSERT INTO NOMENCLATURE_ELEMENT VALUES('NomenclatureElementImpl',78,'sg',NULL,10)
INSERT INTO NOMENCLATURE_ELEMENT VALUES('NomenclatureElementImpl',79,'na',NULL,10)
INSERT INTO NOMENCLATURE_ELEMENT VALUES('NomenclatureElementImpl',80,'gl',NULL,10)
INSERT INTO NOMENCLATURE_ELEMENT VALUES('NomenclatureElementImpl',81,'si',NULL,10)
INSERT INTO NOMENCLATURE_ELEMENT VALUES('NomenclatureElementImpl',82,'rw',NULL,10)
INSERT INTO NOMENCLATURE_ELEMENT VALUES('NomenclatureElementImpl',83,'uz',NULL,10)
INSERT INTO NOMENCLATURE_ELEMENT VALUES('NomenclatureElementImpl',84,'te',NULL,10)
INSERT INTO NOMENCLATURE_ELEMENT VALUES('NomenclatureElementImpl',85,'kl',NULL,10)
INSERT INTO NOMENCLATURE_ELEMENT VALUES('NomenclatureElementImpl',86,'el',NULL,10)
INSERT INTO NOMENCLATURE_ELEMENT VALUES('NomenclatureElementImpl',87,'ba',NULL,10)
INSERT INTO NOMENCLATURE_ELEMENT VALUES('NomenclatureElementImpl',88,'tn',NULL,10)
INSERT INTO NOMENCLATURE_ELEMENT VALUES('NomenclatureElementImpl',89,'br',NULL,10)
INSERT INTO NOMENCLATURE_ELEMENT VALUES('NomenclatureElementImpl',90,'ky',NULL,10)
INSERT INTO NOMENCLATURE_ELEMENT VALUES('NomenclatureElementImpl',91,'ps',NULL,10)
INSERT INTO NOMENCLATURE_ELEMENT VALUES('NomenclatureElementImpl',92,'es',NULL,10)
INSERT INTO NOMENCLATURE_ELEMENT VALUES('NomenclatureElementImpl',93,'zh',NULL,10)
INSERT INTO NOMENCLATURE_ELEMENT VALUES('NomenclatureElementImpl',94,'sr',NULL,10)
INSERT INTO NOMENCLATURE_ELEMENT VALUES('NomenclatureElementImpl',95,'mk',NULL,10)
INSERT INTO NOMENCLATURE_ELEMENT VALUES('NomenclatureElementImpl',96,'qu',NULL,10)
INSERT INTO NOMENCLATURE_ELEMENT VALUES('NomenclatureElementImpl',97,'ka',NULL,10)
INSERT INTO NOMENCLATURE_ELEMENT VALUES('NomenclatureElementImpl',98,'fr',NULL,10)
INSERT INTO NOMENCLATURE_ELEMENT VALUES('NomenclatureElementImpl',99,'ne',NULL,10)
INSERT INTO NOMENCLATURE_ELEMENT VALUES('NomenclatureElementImpl',100,'he',NULL,10)
INSERT INTO NOMENCLATURE_ELEMENT VALUES('NomenclatureElementImpl',101,'co',NULL,10)
INSERT INTO NOMENCLATURE_ELEMENT VALUES('NomenclatureElementImpl',102,'uk',NULL,10)
INSERT INTO NOMENCLATURE_ELEMENT VALUES('NomenclatureElementImpl',103,'ga',NULL,10)
INSERT INTO NOMENCLATURE_ELEMENT VALUES('NomenclatureElementImpl',104,'tt',NULL,10)
INSERT INTO NOMENCLATURE_ELEMENT VALUES('NomenclatureElementImpl',105,'ms',NULL,10)
INSERT INTO NOMENCLATURE_ELEMENT VALUES('NomenclatureElementImpl',106,'pt',NULL,10)
INSERT INTO NOMENCLATURE_ELEMENT VALUES('NomenclatureElementImpl',107,'bg',NULL,10)
INSERT INTO NOMENCLATURE_ELEMENT VALUES('NomenclatureElementImpl',108,'ku',NULL,10)
INSERT INTO NOMENCLATURE_ELEMENT VALUES('NomenclatureElementImpl',109,'to',NULL,10)
INSERT INTO NOMENCLATURE_ELEMENT VALUES('NomenclatureElementImpl',110,'so',NULL,10)
INSERT INTO NOMENCLATURE_ELEMENT VALUES('NomenclatureElementImpl',111,'dum',NULL,10)
INSERT INTO NOMENCLATURE_ELEMENT VALUES('NomenclatureElementImpl',112,'zu',NULL,10)
INSERT INTO NOMENCLATURE_ELEMENT VALUES('NomenclatureElementImpl',113,'fj',NULL,10)
INSERT INTO NOMENCLATURE_ELEMENT VALUES('NomenclatureElementImpl',114,'sk',NULL,10)
INSERT INTO NOMENCLATURE_ELEMENT VALUES('NomenclatureElementImpl',115,'is',NULL,10)
INSERT INTO NOMENCLATURE_ELEMENT VALUES('NomenclatureElementImpl',116,'ik',NULL,10)
INSERT INTO NOMENCLATURE_ELEMENT VALUES('NomenclatureElementImpl',117,'xh',NULL,10)
INSERT INTO NOMENCLATURE_ELEMENT VALUES('NomenclatureElementImpl',118,'ro',NULL,10)
INSERT INTO NOMENCLATURE_ELEMENT VALUES('NomenclatureElementImpl',119,'yi',NULL,10)
INSERT INTO NOMENCLATURE_ELEMENT VALUES('NomenclatureElementImpl',120,'be',NULL,10)
INSERT INTO NOMENCLATURE_ELEMENT VALUES('NomenclatureElementImpl',121,'ar',NULL,10)
INSERT INTO NOMENCLATURE_ELEMENT VALUES('NomenclatureElementImpl',122,'fi',NULL,10)
INSERT INTO NOMENCLATURE_ELEMENT VALUES('NomenclatureElementImpl',123,'my',NULL,10)
INSERT INTO NOMENCLATURE_ELEMENT VALUES('NomenclatureElementImpl',124,'gn',NULL,10)
INSERT INTO NOMENCLATURE_ELEMENT VALUES('NomenclatureElementImpl',125,'dz',NULL,10)
INSERT INTO NOMENCLATURE_ELEMENT VALUES('NomenclatureElementImpl',126,'su',NULL,10)
INSERT INTO NOMENCLATURE_ELEMENT VALUES('NomenclatureElementImpl',127,'hu',NULL,10)
INSERT INTO NOMENCLATURE_ELEMENT VALUES('NomenclatureElementImpl',128,'mt',NULL,10)
INSERT INTO NOMENCLATURE_ELEMENT VALUES('NomenclatureElementImpl',129,'lt',NULL,10)
INSERT INTO NOMENCLATURE_ELEMENT VALUES('NomenclatureElementImpl',130,'de',NULL,10)
INSERT INTO NOMENCLATURE_ELEMENT VALUES('NomenclatureElementImpl',131,'pl',NULL,10)
INSERT INTO NOMENCLATURE_ELEMENT VALUES('NomenclatureElementImpl',132,'tr',NULL,10)
INSERT INTO NOMENCLATURE_ELEMENT VALUES('NomenclatureElementImpl',133,'kn',NULL,10)
INSERT INTO NOMENCLATURE_ELEMENT VALUES('NomenclatureElementImpl',134,'cy',NULL,10)
INSERT INTO NOMENCLATURE_ELEMENT VALUES('NomenclatureElementImpl',135,'mg',NULL,10)
INSERT INTO NOMENCLATURE_ELEMENT VALUES('NomenclatureElementImpl',136,'tw',NULL,10)
INSERT INTO NOMENCLATURE_ELEMENT VALUES('NomenclatureElementImpl',137,'hr',NULL,10)
INSERT INTO NOMENCLATURE_ELEMENT VALUES('NomenclatureElementImpl',138,'hy',NULL,10)
INSERT INTO NOMENCLATURE_ELEMENT VALUES('NomenclatureElementImpl',139,'wo',NULL,10)
INSERT INTO NOMENCLATURE_ELEMENT VALUES('NomenclatureElementImpl',140,'li',NULL,10)
INSERT INTO NOMENCLATURE_ELEMENT VALUES('NomenclatureElementImpl',141,'ti',NULL,10)
INSERT INTO NOMENCLATURE_ELEMENT VALUES('NomenclatureElementImpl',142,'eu',NULL,10)
INSERT INTO NOMENCLATURE_ELEMENT VALUES('NomenclatureElementImpl',143,'ia',NULL,10)
INSERT INTO NOMENCLATURE_ELEMENT VALUES('NomenclatureElementImpl',144,'sv',NULL,10)
INSERT INTO NOMENCLATURE_ELEMENT VALUES('NomenclatureElementImpl',145,'iu',NULL,10)
INSERT INTO NOMENCLATURE_ELEMENT VALUES('NomenclatureElementImpl',146,'gu',NULL,10)
INSERT INTO NOMENCLATURE_ELEMENT VALUES('NomenclatureElementImpl',147,'gd',NULL,10)
INSERT INTO NOMENCLATURE_ELEMENT VALUES('NomenclatureElementImpl',148,'oc',NULL,10)
INSERT INTO NOMENCLATURE_ELEMENT VALUES('NomenclatureElementImpl',149,'fo',NULL,10)
INSERT INTO NOMENCLATURE_ELEMENT VALUES('NomenclatureElementImpl',150,'lv',NULL,10)
INSERT INTO NOMENCLATURE_ELEMENT VALUES('NomenclatureElementImpl',151,'as',NULL,10)
INSERT INTO NOMENCLATURE_ELEMENT VALUES('NomenclatureElementImpl',152,'sm',NULL,10)
INSERT INTO NOMENCLATURE_ELEMENT VALUES('NomenclatureElementImpl',153,'ug',NULL,10)
INSERT INTO NOMENCLATURE_ELEMENT VALUES('NomenclatureElementImpl',154,'sa',NULL,10)
INSERT INTO NOMENCLATURE_ELEMENT VALUES('NomenclatureElementImpl',155,'sl',NULL,10)
INSERT INTO NOMENCLATURE_ELEMENT VALUES('NomenclatureElementImpl',156,'yo',NULL,10)
INSERT INTO NOMENCLATURE_ELEMENT VALUES('NomenclatureElementImpl',157,'mr',NULL,10)
INSERT INTO NOMENCLATURE_ELEMENT VALUES('NomenclatureElementImpl',158,'vo',NULL,10)
INSERT INTO NOMENCLATURE_ELEMENT VALUES('NomenclatureElementImpl',159,'sq',NULL,10)
INSERT INTO NOMENCLATURE_ELEMENT VALUES('NomenclatureElementImpl',160,'fa',NULL,10)
INSERT INTO NOMENCLATURE_ELEMENT VALUES('NomenclatureElementImpl',161,'id',NULL,10)
INSERT INTO NOMENCLATURE_ELEMENT VALUES('NomenclatureElementImpl',162,'ru',NULL,10)
INSERT INTO NOMENCLATURE_ELEMENT VALUES('NomenclatureElementImpl',163,'az',NULL,10)
INSERT INTO NOMENCLATURE_ELEMENT VALUES('NomenclatureElementImpl',164,'ts',NULL,10)
INSERT INTO NOMENCLATURE_ELEMENT VALUES('NomenclatureElementImpl',165,'km',NULL,10)
INSERT INTO NOMENCLATURE_ELEMENT VALUES('NomenclatureElementImpl',166,'rn',NULL,10)
INSERT INTO NOMENCLATURE_ELEMENT VALUES('NomenclatureElementImpl',167,'it',NULL,10)
INSERT INTO NOMENCLATURE_ELEMENT VALUES('NomenclatureElementImpl',168,'ml',NULL,10)
INSERT INTO NOMENCLATURE_ELEMENT VALUES('NomenclatureElementImpl',169,'mn',NULL,10)
INSERT INTO NOMENCLATURE_ELEMENT VALUES('NomenclatureElementImpl',170,'ha',NULL,10)
INSERT INTO NOMENCLATURE_ELEMENT VALUES('NomenclatureElementImpl',171,'om',NULL,10)
INSERT INTO NOMENCLATURE_ELEMENT VALUES('NomenclatureElementImpl',172,'am',NULL,10)
INSERT INTO NOMENCLATURE_ELEMENT VALUES('NomenclatureElementImpl',173,'bi',NULL,10)
INSERT INTO NOMENCLATURE_ELEMENT VALUES('NomenclatureElementImpl',174,'ji',NULL,10)
INSERT INTO NOMENCLATURE_ELEMENT VALUES('NomenclatureElementImpl',175,'iw',NULL,10)
INSERT INTO NOMENCLATURE_ELEMENT VALUES('NomenclatureElementImpl',176,'jv',NULL,10)
INSERT INTO NOMENCLATURE_ELEMENT VALUES('NomenclatureElementImpl',177,'ay',NULL,10)
INSERT INTO NOMENCLATURE_ELEMENT VALUES('NomenclatureElementImpl',178,'eo',NULL,10)
INSERT INTO NOMENCLATURE_ELEMENT VALUES('NomenclatureElementImpl',179,'pa',NULL,10)
INSERT INTO NOMENCLATURE_ELEMENT VALUES('NomenclatureElementImpl',180,'ie',NULL,10)
INSERT INTO NOMENCLATURE_ELEMENT VALUES('NomenclatureElementImpl',181,'lo',NULL,10)
INSERT INTO NOMENCLATURE_ELEMENT VALUES('NomenclatureElementImpl',182,'basefont',NULL,11)
INSERT INTO NOMENCLATURE_ELEMENT VALUES('NomenclatureElementImpl',183,'blink',NULL,11)
INSERT INTO NOMENCLATURE_ELEMENT VALUES('NomenclatureElementImpl',184,'center',NULL,11)
INSERT INTO NOMENCLATURE_ELEMENT VALUES('NomenclatureElementImpl',185,'font',NULL,11)
INSERT INTO NOMENCLATURE_ELEMENT VALUES('NomenclatureElementImpl',186,'marquee',NULL,11)
INSERT INTO NOMENCLATURE_ELEMENT VALUES('NomenclatureElementImpl',187,'s',NULL,11)
INSERT INTO NOMENCLATURE_ELEMENT VALUES('NomenclatureElementImpl',188,'strike',NULL,11)
INSERT INTO NOMENCLATURE_ELEMENT VALUES('NomenclatureElementImpl',189,'tt',NULL,11)
INSERT INTO NOMENCLATURE_ELEMENT VALUES('NomenclatureElementImpl',190,'u',NULL,11)
INSERT INTO NOMENCLATURE_ELEMENT VALUES('NomenclatureElementImpl',191,'',NULL,12)
INSERT INTO NOMENCLATURE_ELEMENT VALUES('NomenclatureElementImpl',192,'Bienvenue dans Adobe GoLive 6',NULL,12)
INSERT INTO NOMENCLATURE_ELEMENT VALUES('NomenclatureElementImpl',193,'Page title',NULL,12)
INSERT INTO NOMENCLATURE_ELEMENT VALUES('NomenclatureElementImpl',194,'Titre de la page',NULL,12)
INSERT INTO NOMENCLATURE_ELEMENT VALUES('NomenclatureElementImpl',195,'jpg',NULL,13)
INSERT INTO NOMENCLATURE_ELEMENT VALUES('NomenclatureElementImpl',196,'gif',NULL,13)
INSERT INTO NOMENCLATURE_ELEMENT VALUES('NomenclatureElementImpl',197,'jpeg',NULL,13)
INSERT INTO NOMENCLATURE_ELEMENT VALUES('NomenclatureElementImpl',198,'png',NULL,13)
INSERT INTO NOMENCLATURE_ELEMENT VALUES('NomenclatureElementImpl',199,'bmp',NULL,13)
INSERT INTO NOMENCLATURE_ELEMENT VALUES('NomenclatureElementImpl',200,'all',NULL,14)
INSERT INTO NOMENCLATURE_ELEMENT VALUES('NomenclatureElementImpl',201,'screen',NULL,14)
INSERT INTO NOMENCLATURE_ELEMENT VALUES('NomenclatureElementImpl',202,'projection',NULL,14)
INSERT INTO NOMENCLATURE_ELEMENT VALUES('NomenclatureElementImpl',203,'handheld',NULL,14)
INSERT INTO NOMENCLATURE_ELEMENT VALUES('NomenclatureElementImpl',204,'tv',NULL,14)
INSERT INTO NOMENCLATURE_ELEMENT VALUES('NomenclatureElementImpl',205,'telecharger',NULL,7)
INSERT INTO NOMENCLATURE_ELEMENT VALUES('NomenclatureElementImpl',206,'t\u00e9l\u00e9charger',NULL,7)
INSERT INTO NOMENCLATURE_ELEMENT VALUES('NomenclatureElementImpl',207,'download',NULL,7)
INSERT INTO NOMENCLATURE_ELEMENT VALUES('NomenclatureElementImpl',208,'visiter',NULL,7)
INSERT INTO NOMENCLATURE_ELEMENT VALUES('NomenclatureElementImpl',209,'visit',NULL,7)
INSERT INTO NOMENCLATURE_ELEMENT VALUES('NomenclatureElementImpl',210,'ajouter',NULL,7)
INSERT INTO NOMENCLATURE_ELEMENT VALUES('NomenclatureElementImpl',211,'add',NULL,7)
INSERT INTO NOMENCLATURE_ELEMENT VALUES('NomenclatureElementImpl',212,'acheter',NULL,7)
INSERT INTO NOMENCLATURE_ELEMENT VALUES('NomenclatureElementImpl',213,'buy',NULL,7)
INSERT INTO NOMENCLATURE_ELEMENT VALUES('NomenclatureElementImpl',214,'ouvrir',NULL,7)
INSERT INTO NOMENCLATURE_ELEMENT VALUES('NomenclatureElementImpl',215,'open',NULL,7)
INSERT INTO NOMENCLATURE_ELEMENT VALUES('NomenclatureElementImpl',216,'valider',NULL,7)
INSERT INTO NOMENCLATURE_ELEMENT VALUES('NomenclatureElementImpl',217,'validate',NULL,7)
INSERT INTO NOMENCLATURE_ELEMENT VALUES('NomenclatureElementImpl',218,'envoyer',NULL,7)
INSERT INTO NOMENCLATURE_ELEMENT VALUES('NomenclatureElementImpl',219,'send',NULL,7)
INSERT INTO NOMENCLATURE_ELEMENT VALUES('NomenclatureElementImpl',220,'suivant',NULL,7)
INSERT INTO NOMENCLATURE_ELEMENT VALUES('NomenclatureElementImpl',221,'next',NULL,7)
INSERT INTO NOMENCLATURE_ELEMENT VALUES('NomenclatureElementImpl',222,'precedent',NULL,7)
INSERT INTO NOMENCLATURE_ELEMENT VALUES('NomenclatureElementImpl',223,'pr\u00e9c\u00e9dent',NULL,7)
INSERT INTO NOMENCLATURE_ELEMENT VALUES('NomenclatureElementImpl',224,'previous',NULL,7)
INSERT INTO NOMENCLATURE_ELEMENT VALUES('NomenclatureElementImpl',225,'align',NULL,15)
INSERT INTO NOMENCLATURE_ELEMENT VALUES('NomenclatureElementImpl',226,'alink',NULL,15)
INSERT INTO NOMENCLATURE_ELEMENT VALUES('NomenclatureElementImpl',227,'background',NULL,15)
INSERT INTO NOMENCLATURE_ELEMENT VALUES('NomenclatureElementImpl',228,'basefont',NULL,15)
INSERT INTO NOMENCLATURE_ELEMENT VALUES('NomenclatureElementImpl',229,'bgcolor',NULL,15)
INSERT INTO NOMENCLATURE_ELEMENT VALUES('NomenclatureElementImpl',230,'border',NULL,15)
INSERT INTO NOMENCLATURE_ELEMENT VALUES('NomenclatureElementImpl',231,'color',NULL,15)
INSERT INTO NOMENCLATURE_ELEMENT VALUES('NomenclatureElementImpl',232,'link',NULL,15)
INSERT INTO NOMENCLATURE_ELEMENT VALUES('NomenclatureElementImpl',233,'text',NULL,15)
INSERT INTO NOMENCLATURE_ELEMENT VALUES('NomenclatureElementImpl',234,'vlink',NULL,15)
INSERT INTO NOMENCLATURE_ELEMENT VALUES('NomenclatureElementImpl',235,'width',NULL,16)
INSERT INTO NOMENCLATURE_ELEMENT VALUES('NomenclatureElementImpl',236,'height',NULL,16)
INSERT INTO NOMENCLATURE_ELEMENT VALUES('NomenclatureElementImpl',237,'<!DOCTYPE HTML PUBLIC "-//W3C//DTD HTML 4.01//EN" "http://www.w3.org/TR/html4/strict.dtd">',NULL,17)
INSERT INTO NOMENCLATURE_ELEMENT VALUES('NomenclatureElementImpl',238,'<!DOCTYPE HTML PUBLIC "-//W3C//DTD HTML 4.01 Transitional//EN" "http://www.w3.org/TR/html4/loose.dtd">',NULL,17)
INSERT INTO NOMENCLATURE_ELEMENT VALUES('NomenclatureElementImpl',239,'<!DOCTYPE HTML PUBLIC "-//W3C//DTD HTML 4.01 Frameset//EN" "http://www.w3.org/TR/html4/frameset.dtd">',NULL,17)
INSERT INTO NOMENCLATURE_ELEMENT VALUES('NomenclatureElementImpl',240,'<!DOCTYPE html PUBLIC "-//W3C//DTD XHTML 1.0 Strict//EN" "http://www.w3.org/TR/xhtml1/DTD/xhtml1-strict.dtd">',NULL,17)
INSERT INTO NOMENCLATURE_ELEMENT VALUES('NomenclatureElementImpl',241,'<!DOCTYPE html PUBLIC "-//W3C//DTD XHTML 1.0 Transitional//EN" "http://www.w3.org/TR/xhtml1/DTD/xhtml1-transitional.dtd">',NULL,17)
INSERT INTO NOMENCLATURE_ELEMENT VALUES('NomenclatureElementImpl',242,'<!DOCTYPE html PUBLIC "-//W3C//DTD XHTML 1.0 Frameset//EN" "http://www.w3.org/TR/xhtml1/DTD/xhtml1-frameset.dtd">',NULL,17)
INSERT INTO NOMENCLATURE_ELEMENT VALUES('NomenclatureElementImpl',243,'<!DOCTYPE html PUBLIC "-//W3C//DTD XHTML 1.1//EN" "http://www.w3.org/TR/xhtml11/DTD/xhtml11.dtd">',NULL,17)
INSERT INTO NOMENCLATURE_ELEMENT VALUES('NomenclatureElementImpl',244,'<!DOCTYPE html PUBLIC "-//W3C//DTD XHTML Basic 1.1//EN" "http://www.w3.org/TR/xhtml-basic/xhtml-basic11.dtd">',NULL,17)
INSERT INTO NOMENCLATURE_ELEMENT VALUES('NomenclatureElementImpl',245,'<!DOCTYPE math PUBLIC "-//W3C//DTD MathML 2.0//EN" "http://www.w3.org/TR/MathML2/dtd/mathml2.dtd">',NULL,17)
INSERT INTO NOMENCLATURE_ELEMENT VALUES('NomenclatureElementImpl',246,'<!DOCTYPE math SYSTEM "http://www.w3.org/Math/DTD/mathml1/mathml.dtd">',NULL,17)
INSERT INTO NOMENCLATURE_ELEMENT VALUES('NomenclatureElementImpl',247,'<!DOCTYPE html PUBLIC "-//W3C//DTD XHTML 1.1 plus MathML 2.0 plus SVG 1.1//EN" "http://www.w3.org/2002/04/xhtml-math-svg/xhtml-math-svg.dtd">',NULL,17)
INSERT INTO NOMENCLATURE_ELEMENT VALUES('NomenclatureElementImpl',248,'<!DOCTYPE svg:svg PUBLIC "-//W3C//DTD XHTML 1.1 plus MathML 2.0 plus SVG 1.1//EN" "http://www.w3.org/2002/04/xhtml-math-svg/xhtml-math-svg.dtd">',NULL,17)
INSERT INTO NOMENCLATURE_ELEMENT VALUES('NomenclatureElementImpl',249,'<!DOCTYPE html PUBLIC "-//IETF//DTD HTML 2.0//EN">',NULL,17)
INSERT INTO NOMENCLATURE_ELEMENT VALUES('NomenclatureElementImpl',250,'<!DOCTYPE html PUBLIC "-//W3C//DTD HTML 3.2 Final//EN">',NULL,17)
INSERT INTO NOMENCLATURE_ELEMENT VALUES('NomenclatureElementImpl',251,'<!DOCTYPE html PUBLIC "-//W3C//DTD XHTML Basic 1.0//EN" "http://www.w3.org/TR/xhtml-basic/xhtml-basic10.dtd">',NULL,17)
INSERT INTO NOMENCLATURE_ELEMENT VALUES('NomenclatureElementImpl',252,'<!DOCTYPE html PUBLIC "-//W3C//DTD XHTML 1.0 Strict//EN" "http://www.w3.org/TR/xhtml1/DTD/xhtml1-strict.dtd">',NULL,18)
INSERT INTO NOMENCLATURE_ELEMENT VALUES('NomenclatureElementImpl',253,'<!DOCTYPE html PUBLIC "-//W3C//DTD XHTML 1.0 Transitional//EN" "http://www.w3.org/TR/xhtml1/DTD/xhtml1-transitional.dtd">',NULL,18)
INSERT INTO NOMENCLATURE_ELEMENT VALUES('NomenclatureElementImpl',254,'<!DOCTYPE html PUBLIC "-//W3C//DTD XHTML 1.0 Frameset//EN" "http://www.w3.org/TR/xhtml1/DTD/xhtml1-frameset.dtd">',NULL,18)
INSERT INTO NOMENCLATURE_ELEMENT VALUES('NomenclatureElementImpl',255,'<!DOCTYPE html PUBLIC "-//W3C//DTD XHTML 1.1//EN" "http://www.w3.org/TR/xhtml11/DTD/xhtml11.dtd">',NULL,18)
INSERT INTO NOMENCLATURE_ELEMENT VALUES('NomenclatureElementImpl',256,'<!DOCTYPE html PUBLIC "-//W3C//DTD XHTML Basic 1.1//EN" "http://www.w3.org/TR/xhtml-basic/xhtml-basic11.dtd">',NULL,18)
INSERT INTO NOMENCLATURE_ELEMENT VALUES('NomenclatureElementImpl',257,'<!DOCTYPE html PUBLIC "-//W3C//DTD XHTML 1.1 plus MathML 2.0 plus SVG 1.1//EN" "http://www.w3.org/2002/04/xhtml-math-svg/xhtml-math-svg.dtd">',NULL,18)
INSERT INTO NOMENCLATURE_ELEMENT VALUES('NomenclatureElementImpl',258,'<!DOCTYPE svg:svg PUBLIC "-//W3C//DTD XHTML 1.1 plus MathML 2.0 plus SVG 1.1//EN" "http://www.w3.org/2002/04/xhtml-math-svg/xhtml-math-svg.dtd">',NULL,18)
INSERT INTO NOMENCLATURE_ELEMENT VALUES('NomenclatureElementImpl',259,'<!DOCTYPE html PUBLIC "-//W3C//DTD XHTML Basic 1.0//EN" "http://www.w3.org/TR/xhtml-basic/xhtml-basic10.dtd">',NULL,18)
INSERT INTO NOMENCLATURE_ELEMENT VALUES('NomenclatureElementImpl',260,'<!DOCTYPE html>',NULL,19)
INSERT INTO EVIDENCE VALUES(1,'Element-Name','NULL','NULL')
INSERT INTO EVIDENCE VALUES(2,'src','NULL','NULL')
INSERT INTO EVIDENCE VALUES(3,'Css-Selector','NULL','NULL')
INSERT INTO EVIDENCE VALUES(4,'Previous-H-Tag-Index','NULL','NULL')
INSERT INTO EVIDENCE VALUES(5,'First-H-Tag-Index','NULL','NULL')
INSERT INTO EVIDENCE VALUES(6,'Node','NULL','NULL')
INSERT INTO EVIDENCE VALUES(7,'href','NULL','NULL')
INSERT INTO EVIDENCE VALUES(8,'Link-Title-Attribut','NULL','NULL')
INSERT INTO EVIDENCE VALUES(9,'Link-Text','NULL','NULL')
INSERT INTO EVIDENCE VALUES(10,'Link-Href-Attribut','NULL','NULL')
INSERT INTO EVIDENCE VALUES(11,'Url','NULL','NULL')
INSERT INTO EVIDENCE VALUES(12,'Language','NULL','NULL')
INSERT INTO EVIDENCE VALUES(13,'Detected-Language','NULL','NULL')
INSERT INTO EVIDENCE VALUES(14,'Extracted-Text','NULL','NULL')
INSERT INTO EVIDENCE VALUES(15,'Css-Filename','NULL','NULL')
INSERT INTO EVIDENCE VALUES(16,'Snippet','NULL','NULL')
INSERT INTO EVIDENCE VALUES(17,'code','NULL','NULL')
INSERT INTO EVIDENCE VALUES(18,'alt','NULL','NULL')
INSERT INTO EVIDENCE VALUES(19,'data','NULL','NULL')
INSERT INTO EVIDENCE VALUES(20,'title','NULL','NULL')
INSERT INTO EVIDENCE VALUES(21,'text','NULL','NULL')
INSERT INTO EVIDENCE VALUES(22,'longdesc','NULL','NULL')
INSERT INTO EVIDENCE VALUES(23,'summary','NULL','NULL')
INSERT INTO EVIDENCE VALUES(24,'Previous-H-Tag-Index2','NULL','NULL')
INSERT INTO EVIDENCE VALUES(25,'First-H-Tag-Index2','NULL','NULL')
DISCONNECT
/*C61*/SET SCHEMA PUBLIC
CONNECT USER SA
SET AUTOCOMMIT FALSE
SET AUTOCOMMIT TRUE
DISCONNECT
/*C62*/SET SCHEMA PUBLIC
CONNECT USER SA
SET AUTOCOMMIT FALSE
SET AUTOCOMMIT TRUE
DISCONNECT
/*C63*/SET SCHEMA PUBLIC
CONNECT USER SA
SET AUTOCOMMIT FALSE
SET AUTOCOMMIT TRUE
DISCONNECT
/*C64*/SET SCHEMA PUBLIC
CONNECT USER SA
SET AUTOCOMMIT FALSE
SET AUTOCOMMIT TRUE
DISCONNECT
/*C65*/SET SCHEMA PUBLIC
CONNECT USER SA
SET AUTOCOMMIT FALSE
SET AUTOCOMMIT TRUE
DISCONNECT
/*C66*/SET SCHEMA PUBLIC
CONNECT USER SA
