17-06-2015 10:36:33:213 0    INFO  com.oceaneconsulting.tanaguru.ws.impl.AuditPageOperationsTest  - java.util.concurrent.ExecutionException: javax.ws.rs.ProcessingException: java.net.ConnectException: Connection refused
	at jersey.repackaged.com.google.common.util.concurrent.AbstractFuture$Sync.getValue(AbstractFuture.java:306)
	at jersey.repackaged.com.google.common.util.concurrent.AbstractFuture$Sync.get(AbstractFuture.java:293)
	at jersey.repackaged.com.google.common.util.concurrent.AbstractFuture.get(AbstractFuture.java:116)
	at com.oceaneconsulting.tanaguru.ws.impl.AuditPageOperationsTest.testAuditPageAsyncCase01(AuditPageOperationsTest.java:54)
	at sun.reflect.NativeMethodAccessorImpl.invoke0(Native Method)
	at sun.reflect.NativeMethodAccessorImpl.invoke(NativeMethodAccessorImpl.java:57)
	at sun.reflect.DelegatingMethodAccessorImpl.invoke(DelegatingMethodAccessorImpl.java:43)
	at java.lang.reflect.Method.invoke(Method.java:606)
	at org.apache.maven.surefire.junit.PojoTestSet.executeTestMethod(PojoTestSet.java:151)
	at org.apache.maven.surefire.junit.PojoTestSet.executeTestMethods(PojoTestSet.java:102)
	at org.apache.maven.surefire.junit.PojoTestSet.execute(PojoTestSet.java:83)
	at org.apache.maven.surefire.junit.JUnit3Provider.executeTestSet(JUnit3Provider.java:131)
	at org.apache.maven.surefire.junit.JUnit3Provider.invoke(JUnit3Provider.java:108)
	at org.apache.maven.surefire.booter.ForkedBooter.invokeProviderInSameClassLoader(ForkedBooter.java:200)
	at org.apache.maven.surefire.booter.ForkedBooter.runSuitesInProcess(ForkedBooter.java:153)
	at org.apache.maven.surefire.booter.ForkedBooter.main(ForkedBooter.java:103)
Caused by: javax.ws.rs.ProcessingException: java.net.ConnectException: Connection refused
	at org.glassfish.jersey.client.HttpUrlConnector$2.run(HttpUrlConnector.java:241)
	at java.util.concurrent.Executors$RunnableAdapter.call(Executors.java:471)
	at java.util.concurrent.FutureTask.run(FutureTask.java:262)
	at jersey.repackaged.com.google.common.util.concurrent.MoreExecutors$SameThreadExecutorService.execute(MoreExecutors.java:293)
	at jersey.repackaged.com.google.common.util.concurrent.AbstractListeningExecutorService.submit(AbstractListeningExecutorService.java:49)
	at jersey.repackaged.com.google.common.util.concurrent.AbstractListeningExecutorService.submit(AbstractListeningExecutorService.java:45)
	at org.glassfish.jersey.client.HttpUrlConnector.apply(HttpUrlConnector.java:235)
	at org.glassfish.jersey.client.ClientRuntime$1.run(ClientRuntime.java:169)
	at org.glassfish.jersey.internal.Errors$1.call(Errors.java:271)
	at org.glassfish.jersey.internal.Errors$1.call(Errors.java:267)
	at org.glassfish.jersey.internal.Errors.process(Errors.java:315)
	at org.glassfish.jersey.internal.Errors.process(Errors.java:297)
	at org.glassfish.jersey.internal.Errors.process(Errors.java:267)
	at org.glassfish.jersey.process.internal.RequestScope.runInScope(RequestScope.java:320)
	at org.glassfish.jersey.client.ClientRuntime$2.run(ClientRuntime.java:201)
	at java.util.concurrent.Executors$RunnableAdapter.call(Executors.java:471)
	at java.util.concurrent.FutureTask.run(FutureTask.java:262)
	at java.util.concurrent.ThreadPoolExecutor.runWorker(ThreadPoolExecutor.java:1145)
	at java.util.concurrent.ThreadPoolExecutor$Worker.run(ThreadPoolExecutor.java:615)
	at java.lang.Thread.run(Thread.java:745)
Caused by: java.net.ConnectException: Connection refused
	at java.net.PlainSocketImpl.socketConnect(Native Method)
	at java.net.AbstractPlainSocketImpl.doConnect(AbstractPlainSocketImpl.java:339)
	at java.net.AbstractPlainSocketImpl.connectToAddress(AbstractPlainSocketImpl.java:200)
	at java.net.AbstractPlainSocketImpl.connect(AbstractPlainSocketImpl.java:182)
	at java.net.SocksSocketImpl.connect(SocksSocketImpl.java:392)
	at java.net.Socket.connect(Socket.java:579)
	at sun.net.NetworkClient.doConnect(NetworkClient.java:175)
	at sun.net.www.http.HttpClient.openServer(HttpClient.java:432)
	at sun.net.www.http.HttpClient.openServer(HttpClient.java:527)
	at sun.net.www.http.HttpClient.<init>(HttpClient.java:211)
	at sun.net.www.http.HttpClient.New(HttpClient.java:308)
	at sun.net.www.http.HttpClient.New(HttpClient.java:326)
	at sun.net.www.protocol.http.HttpURLConnection.getNewHttpClient(HttpURLConnection.java:997)
	at sun.net.www.protocol.http.HttpURLConnection.plainConnect(HttpURLConnection.java:933)
	at sun.net.www.protocol.http.HttpURLConnection.connect(HttpURLConnection.java:851)
	at sun.net.www.protocol.http.HttpURLConnection.getInputStream(HttpURLConnection.java:1301)
	at java.net.HttpURLConnection.getResponseCode(HttpURLConnection.java:468)
	at org.glassfish.jersey.client.HttpUrlConnector._apply(HttpUrlConnector.java:321)
	at org.glassfish.jersey.client.HttpUrlConnector.access$000(HttpUrlConnector.java:87)
	at org.glassfish.jersey.client.HttpUrlConnector$2.run(HttpUrlConnector.java:239)
	... 19 more

17-06-2015 10:36:33:265 52   INFO  com.oceaneconsulting.tanaguru.ws.impl.AuditPageOperationsTest  - java.util.concurrent.ExecutionException: javax.ws.rs.ProcessingException: java.net.ConnectException: Connection refused
	at jersey.repackaged.com.google.common.util.concurrent.AbstractFuture$Sync.getValue(AbstractFuture.java:306)
	at jersey.repackaged.com.google.common.util.concurrent.AbstractFuture$Sync.get(AbstractFuture.java:293)
	at jersey.repackaged.com.google.common.util.concurrent.AbstractFuture.get(AbstractFuture.java:116)
	at com.oceaneconsulting.tanaguru.ws.impl.AuditPageOperationsTest.testAuditPageAsyncCase02(AuditPageOperationsTest.java:83)
	at sun.reflect.NativeMethodAccessorImpl.invoke0(Native Method)
	at sun.reflect.NativeMethodAccessorImpl.invoke(NativeMethodAccessorImpl.java:57)
	at sun.reflect.DelegatingMethodAccessorImpl.invoke(DelegatingMethodAccessorImpl.java:43)
	at java.lang.reflect.Method.invoke(Method.java:606)
	at org.apache.maven.surefire.junit.PojoTestSet.executeTestMethod(PojoTestSet.java:151)
	at org.apache.maven.surefire.junit.PojoTestSet.executeTestMethods(PojoTestSet.java:102)
	at org.apache.maven.surefire.junit.PojoTestSet.execute(PojoTestSet.java:83)
	at org.apache.maven.surefire.junit.JUnit3Provider.executeTestSet(JUnit3Provider.java:131)
	at org.apache.maven.surefire.junit.JUnit3Provider.invoke(JUnit3Provider.java:108)
	at org.apache.maven.surefire.booter.ForkedBooter.invokeProviderInSameClassLoader(ForkedBooter.java:200)
	at org.apache.maven.surefire.booter.ForkedBooter.runSuitesInProcess(ForkedBooter.java:153)
	at org.apache.maven.surefire.booter.ForkedBooter.main(ForkedBooter.java:103)
Caused by: javax.ws.rs.ProcessingException: java.net.ConnectException: Connection refused
	at org.glassfish.jersey.client.HttpUrlConnector$2.run(HttpUrlConnector.java:241)
	at java.util.concurrent.Executors$RunnableAdapter.call(Executors.java:471)
	at java.util.concurrent.FutureTask.run(FutureTask.java:262)
	at jersey.repackaged.com.google.common.util.concurrent.MoreExecutors$SameThreadExecutorService.execute(MoreExecutors.java:293)
	at jersey.repackaged.com.google.common.util.concurrent.AbstractListeningExecutorService.submit(AbstractListeningExecutorService.java:49)
	at jersey.repackaged.com.google.common.util.concurrent.AbstractListeningExecutorService.submit(AbstractListeningExecutorService.java:45)
	at org.glassfish.jersey.client.HttpUrlConnector.apply(HttpUrlConnector.java:235)
	at org.glassfish.jersey.client.ClientRuntime$1.run(ClientRuntime.java:169)
	at org.glassfish.jersey.internal.Errors$1.call(Errors.java:271)
	at org.glassfish.jersey.internal.Errors$1.call(Errors.java:267)
	at org.glassfish.jersey.internal.Errors.process(Errors.java:315)
	at org.glassfish.jersey.internal.Errors.process(Errors.java:297)
	at org.glassfish.jersey.internal.Errors.process(Errors.java:267)
	at org.glassfish.jersey.process.internal.RequestScope.runInScope(RequestScope.java:320)
	at org.glassfish.jersey.client.ClientRuntime$2.run(ClientRuntime.java:201)
	at java.util.concurrent.Executors$RunnableAdapter.call(Executors.java:471)
	at java.util.concurrent.FutureTask.run(FutureTask.java:262)
	at java.util.concurrent.ThreadPoolExecutor.runWorker(ThreadPoolExecutor.java:1145)
	at java.util.concurrent.ThreadPoolExecutor$Worker.run(ThreadPoolExecutor.java:615)
	at java.lang.Thread.run(Thread.java:745)
Caused by: java.net.ConnectException: Connection refused
	at java.net.PlainSocketImpl.socketConnect(Native Method)
	at java.net.AbstractPlainSocketImpl.doConnect(AbstractPlainSocketImpl.java:339)
	at java.net.AbstractPlainSocketImpl.connectToAddress(AbstractPlainSocketImpl.java:200)
	at java.net.AbstractPlainSocketImpl.connect(AbstractPlainSocketImpl.java:182)
	at java.net.SocksSocketImpl.connect(SocksSocketImpl.java:392)
	at java.net.Socket.connect(Socket.java:579)
	at sun.net.NetworkClient.doConnect(NetworkClient.java:175)
	at sun.net.www.http.HttpClient.openServer(HttpClient.java:432)
	at sun.net.www.http.HttpClient.openServer(HttpClient.java:527)
	at sun.net.www.http.HttpClient.<init>(HttpClient.java:211)
	at sun.net.www.http.HttpClient.New(HttpClient.java:308)
	at sun.net.www.http.HttpClient.New(HttpClient.java:326)
	at sun.net.www.protocol.http.HttpURLConnection.getNewHttpClient(HttpURLConnection.java:997)
	at sun.net.www.protocol.http.HttpURLConnection.plainConnect(HttpURLConnection.java:933)
	at sun.net.www.protocol.http.HttpURLConnection.connect(HttpURLConnection.java:851)
	at sun.net.www.protocol.http.HttpURLConnection.getInputStream(HttpURLConnection.java:1301)
	at java.net.HttpURLConnection.getResponseCode(HttpURLConnection.java:468)
	at org.glassfish.jersey.client.HttpUrlConnector._apply(HttpUrlConnector.java:321)
	at org.glassfish.jersey.client.HttpUrlConnector.access$000(HttpUrlConnector.java:87)
	at org.glassfish.jersey.client.HttpUrlConnector$2.run(HttpUrlConnector.java:239)
	... 19 more

17-06-2015 10:36:33:836 623  DEBUG org.jboss.logging  - Logging Provider: org.jboss.logging.Log4jLoggerProvider
17-06-2015 10:36:35:086 1873 ERROR org.hibernate.tool.hbm2ddl.SchemaExport  - HHH000389: Unsuccessful: alter table WS_INVOCATION drop constraint FK_c45ec56lj8pur1cvmt5pebybk
17-06-2015 10:36:35:086 1873 ERROR org.hibernate.tool.hbm2ddl.SchemaExport  - user lacks privilege or object not found: PUBLIC.WS_INVOCATION
17-06-2015 10:36:35:086 1873 ERROR org.hibernate.tool.hbm2ddl.SchemaExport  - HHH000389: Unsuccessful: alter table WS_USER drop constraint FK_d0sgpc49hoga974jtjuyxrukk
17-06-2015 10:36:35:086 1873 ERROR org.hibernate.tool.hbm2ddl.SchemaExport  - user lacks privilege or object not found: PUBLIC.WS_USER
